[     772ms] [LOG] Running frontend commit ea1b78f0c0eb8b574e10d196ee2691b0239b86a4 @ https://www.figma.com/login:453
[    1244ms] [WARNING] Statsig is not ready to log exposures, will retry in 1 seconds @ https://www.figma.com/webpack-artifacts/assets/vendor-core-f49e1c25234815ee.min.js.br:54
[    1493ms] [ERROR] Failed to load resource: the server responded with a status of 401 () @ https://www.figma.com/api/statsig/v1_ruleset:0
[    1495ms] [ERROR] Failed to fetch v1 ruleset: I: XHR for "/api/statsig/v1_ruleset" failed with status 401
    at P (https://www.figma.com/webpack-artifacts/assets/125-b60040a0d51770ac.min.js.br:29:12014)
    at async Object.N [as get] (https://www.figma.com/webpack-artifacts/assets/125-b60040a0d51770ac.min.js.br:29:12397)
    at async https://www.figma.com/webpack-artifacts/assets/125-b60040a0d51770ac.min.js.br:7:124940
    at async m.validate (https://www.figma.com/webpack-artifacts/assets/125-b60040a0d51770ac.min.js.br:9:6747)
    at async b (https://www.figma.com/webpack-artifacts/assets/125-b60040a0d51770ac.min.js.br:7:363490)
    at async E (https://www.figma.com/webpack-artifacts/assets/125-b60040a0d51770ac.min.js.br:7:362694)
    at async Object.write (https://www.figma.com/webpack-artifacts/assets/125-b60040a0d51770ac.min.js.br:7:362313) @ https://www.figma.com/webpack-artifacts/assets/vendor-core-f49e1c25234815ee.min.js.br:54
[    1801ms] [WARNING] Failed to execute 'postMessage' on 'DOMWindow': The target origin provided ('https://marketing.figma.com') does not match the recipient window's origin ('https://www.figma.com'). @ https://www.figma.com/webpack-artifacts/assets/125-b60040a0d51770ac.min.js.br:6
[    1801ms] [WARNING] Failed to execute 'postMessage' on 'DOMWindow': The target origin provided ('https://marketing.figma.com') does not match the recipient window's origin ('https://www.figma.com'). @ https://www.figma.com/webpack-artifacts/assets/125-b60040a0d51770ac.min.js.br:6
[    1801ms] [WARNING] Failed to execute 'postMessage' on 'DOMWindow': The target origin provided ('https://marketing.figma.com') does not match the recipient window's origin ('https://www.figma.com'). @ https://www.figma.com/webpack-artifacts/assets/125-b60040a0d51770ac.min.js.br:6
[  133964ms] [ERROR] Cross-Origin-Opener-Policy policy would block the window.closed call. @ https://www.figma.com/webpack-artifacts/assets/125-b60040a0d51770ac.min.js.br:6
[  133964ms] [ERROR] Cross-Origin-Opener-Policy policy would block the window.closed call. @ https://www.figma.com/webpack-artifacts/assets/125-b60040a0d51770ac.min.js.br:6
[  245468ms] [ERROR] Cross-Origin-Opener-Policy policy would block the window.closed call. @ https://www.figma.com/webpack-artifacts/assets/125-b60040a0d51770ac.min.js.br:6
[  245468ms] [ERROR] Cross-Origin-Opener-Policy policy would block the window.closed call. @ https://www.figma.com/webpack-artifacts/assets/125-b60040a0d51770ac.min.js.br:6
[  981569ms] [LOG] Running frontend commit ea1b78f0c0eb8b574e10d196ee2691b0239b86a4 @ https://www.figma.com/login:453
[  982151ms] [ERROR] Failed to load resource: the server responded with a status of 401 () @ https://www.figma.com/api/statsig/v1_ruleset:0
[  982152ms] [ERROR] Failed to fetch v1 ruleset: I: XHR for "/api/statsig/v1_ruleset" failed with status 401
    at P (https://www.figma.com/webpack-artifacts/assets/125-b60040a0d51770ac.min.js.br:29:12014)
    at async Object.N [as get] (https://www.figma.com/webpack-artifacts/assets/125-b60040a0d51770ac.min.js.br:29:12397)
    at async https://www.figma.com/webpack-artifacts/assets/125-b60040a0d51770ac.min.js.br:7:124940
    at async m.validate (https://www.figma.com/webpack-artifacts/assets/125-b60040a0d51770ac.min.js.br:9:6747)
    at async b (https://www.figma.com/webpack-artifacts/assets/125-b60040a0d51770ac.min.js.br:7:363490)
    at async E (https://www.figma.com/webpack-artifacts/assets/125-b60040a0d51770ac.min.js.br:7:362694)
    at async Object.write (https://www.figma.com/webpack-artifacts/assets/125-b60040a0d51770ac.min.js.br:7:362313) @ https://www.figma.com/webpack-artifacts/assets/vendor-core-f49e1c25234815ee.min.js.br:54
[  982910ms] [ERROR] Cross-Origin-Opener-Policy policy would block the window.closed call. @ https://www.figma.com/webpack-artifacts/assets/125-b60040a0d51770ac.min.js.br:6
[  982910ms] [ERROR] Cross-Origin-Opener-Policy policy would block the window.closed call. @ https://www.figma.com/webpack-artifacts/assets/125-b60040a0d51770ac.min.js.br:6
